
Attaching package: 'dplyr'

The following objects are masked from 'package:stats':

    filter, lag

The following objects are masked from 'package:base':

    intersect, setdiff, setequal, union

[1] "Good to go, data is fresh"

Attaching package: 'dplyr'

The following objects are masked from 'package:stats':

    filter, lag

The following objects are masked from 'package:base':

    intersect, setdiff, setequal, union

[1] "Oh boy, data is stale"
Error: Table VisitReview_ETL exists in database, and both overwrite and append are FALSE
Execution halted

Attaching package: 'dplyr'

The following objects are masked from 'package:stats':

    filter, lag

The following objects are masked from 'package:base':

    intersect, setdiff, setequal, union

[1] "Oh boy, data is stale"
Error: Table VisitReview_ETL exists in database, and both overwrite and append are FALSE
Execution halted

Attaching package: 'dplyr'

The following objects are masked from 'package:stats':

    filter, lag

The following objects are masked from 'package:base':

    intersect, setdiff, setequal, union

[1] "Oh boy, data is stale"
Error: Table VisitReview_ETL exists in database, and both overwrite and append are FALSE
Execution halted

Attaching package: 'dplyr'

The following objects are masked from 'package:stats':

    filter, lag

The following objects are masked from 'package:base':

    intersect, setdiff, setequal, union

[1] "Oh boy, data is stale"
Error: Table VisitReview_ETL exists in database, and both overwrite and append are FALSE
Execution halted

Attaching package: 'dplyr'

The following objects are masked from 'package:stats':

    filter, lag

The following objects are masked from 'package:base':

    intersect, setdiff, setequal, union

[1] "Oh boy, data is stale"
Error: nanodbc/nanodbc.cpp:1135: 08001: [Microsoft][ODBC Driver 17 for SQL Server]Named Pipes Provider: Could not open a connection to SQL Server [67].   [Microsoft][ODBC Driver 17 for SQL Server]Login timeout expired  [Microsoft][ODBC Driver 17 for SQL Server]Invalid connection string attribute  [Microsoft][ODBC Driver 17 for SQL Server]A network-related or instance-specific error has occurred while establishing a connection to SQL Server. Server is not found or not accessible. Check if instance name is correct and if SQL Server is configured to allow remote connections. For more information see SQL Server Books Online. 
Execution halted

Attaching package: 'dplyr'

The following objects are masked from 'package:stats':

    filter, lag

The following objects are masked from 'package:base':

    intersect, setdiff, setequal, union

[1] "Oh boy, data is stale"
Error: nanodbc/nanodbc.cpp:1135: 08001: [Microsoft][ODBC Driver 17 for SQL Server]Named Pipes Provider: Could not open a connection to SQL Server [67].   [Microsoft][ODBC Driver 17 for SQL Server]Login timeout expired  [Microsoft][ODBC Driver 17 for SQL Server]Invalid connection string attribute  [Microsoft][ODBC Driver 17 for SQL Server]A network-related or instance-specific error has occurred while establishing a connection to SQL Server. Server is not found or not accessible. Check if instance name is correct and if SQL Server is configured to allow remote connections. For more information see SQL Server Books Online. 
Execution halted

Attaching package: 'dplyr'

The following objects are masked from 'package:stats':

    filter, lag

The following objects are masked from 'package:base':

    intersect, setdiff, setequal, union

[1] "Good to go, data is fresh"
Error: Table VisitReview_ETL exists in database, and both overwrite and append are FALSE
Execution halted

Attaching package: 'dplyr'

The following objects are masked from 'package:stats':

    filter, lag

The following objects are masked from 'package:base':

    intersect, setdiff, setequal, union

[1] "Good to go, data is fresh"
Error: Table VisitReview_ETL exists in database, and both overwrite and append are FALSE
Execution halted
